build/outputs/logs/manifest-merger-debug-report.txt
-- Merging decision tree log ---
manifest
ADDED from src\main\AndroidManifest.xml:9:1-72:12
INJECTED from src\main\AndroidManifest.xml:9:1-72:12
INJECTED from src\main\AndroidManifest.xml:9:1-72:12
INJECTED from src\main\AndroidManifest.xml:9:1-72:12
MERGED from [com.ca:masui:1.5.00] AndroidManifest.xml:9:1-61:12
MERGED from [com.android.support:design:26.0.0] AndroidManifest.xml:17:1-31:12
MERGED from [com.ca:mas:1.5.00] AndroidManifest.xml:9:1-29:12
MERGED from [com.ca:mas-connecta:1.5.00] AndroidManifest.xml:2:1-18:12
MERGED from [com.android.support:appcompat-v7:26.0.0] AndroidManifest.xml:17:1-31:12
MERGED from [com.android.support:animated-vector-drawable:26.0.0] AndroidManifest.xml:17:1-28:12
MERGED from [com.android.support:support-vector-drawable:26.0.0] AndroidManifest.xml:17:1-28:12
MERGED from [com.ca:mas-storage:1.5.00] AndroidManifest.xml:2:1-17:12
MERGED from [com.ca:mas-identity-management:1.5.00] AndroidManifest.xml:2:1-17:12
MERGED from [com.ca:mas-foundation:1.5.00] AndroidManifest.xml:9:1-29:12
MERGED from [com.android.support:transition:26.0.0] AndroidManifest.xml:17:1-28:12
MERGED from [com.android.support:support-v4:26.0.0] AndroidManifest.xml:17:1-31:12
MERGED from [com.android.support:gridlayout-v7:26.0.0] AndroidManifest.xml:17:1-28:12
MERGED from [com.android.support:support-media-compat:26.0.0] AndroidManifest.xml:17:1-31:12
MERGED from [com.android.support:support-fragment:26.0.0] AndroidManifest.xml:17:1-31:12
MERGED from [com.android.support:support-core-utils:26.0.0] AndroidManifest.xml:17:1-31:12
MERGED from [com.android.support:recyclerview-v7:26.0.0] AndroidManifest.xml:17:1-28:12
MERGED from [com.android.support:support-core-ui:26.0.0] AndroidManifest.xml:17:1-31:12
MERGED from [net.openid:appauth:0.6.1] AndroidManifest.xml:15:1-46:12
MERGED from [com.android.support:customtabs:26.0.0] AndroidManifest.xml:17:1-28:12
MERGED from [com.android.support:support-compat:26.0.0] AndroidManifest.xml:17:1-31:12
MERGED from [com.android.support:multidex:1.0.1] AndroidManifest.xml:16:1-19:12
INJECTED from src\main\AndroidManifest.xml:9:1-72:12
INJECTED from src\main\AndroidManifest.xml:9:1-72:12
INJECTED from src\main\AndroidManifest.xml:9:1-72:12
	package
		ADDED from src\main\AndroidManifest.xml:10:5-51
		INJECTED from src\main\AndroidManifest.xml
		INJECTED from src\main\AndroidManifest.xml
	android:sharedUserLabel
		ADDED from src\main\AndroidManifest.xml:12:5-54
	android:sharedUserId
		ADDED from src\main\AndroidManifest.xml:11:5-71
	android:versionName
		INJECTED from src\main\AndroidManifest.xml
		ADDED from src\main\AndroidManifest.xml:9:1-72:12
		INJECTED from src\main\AndroidManifest.xml
	android:versionCode
		INJECTED from src\main\AndroidManifest.xml
		ADDED from src\main\AndroidManifest.xml:9:1-72:12
		INJECTED from src\main\AndroidManifest.xml
	xmlns:android
		ADDED from src\main\AndroidManifest.xml:9:11-69
uses-permission#android.permission.INTERNET
ADDED from src\main\AndroidManifest.xml:14:5-67
MERGED from [com.ca:mas:1.5.00] AndroidManifest.xml:18:5-67
MERGED from [com.ca:mas:1.5.00] AndroidManifest.xml:18:5-67
MERGED from [com.ca:mas-foundation:1.5.00] AndroidManifest.xml:18:5-67
MERGED from [com.ca:mas-foundation:1.5.00] AndroidManifest.xml:18:5-67
MERGED from [net.openid:appauth:0.6.1] AndroidManifest.xml:24:5-67
MERGED from [net.openid:appauth:0.6.1] AndroidManifest.xml:24:5-67
	android:name
		ADDED from src\main\AndroidManifest.xml:14:22-64
uses-permission#android.permission.READ_PHONE_STATE
ADDED from src\main\AndroidManifest.xml:15:5-75
	android:name
		ADDED from src\main\AndroidManifest.xml:15:22-72
uses-permission#android.permission.ACCESS_COARSE_LOCATION
ADDED from src\main\AndroidManifest.xml:16:5-81
	android:name
		ADDED from src\main\AndroidManifest.xml:16:22-78
uses-feature#android.hardware.nfc
ADDED from src\main\AndroidManifest.xml:19:5-21:35
	android:required
		ADDED from src\main\AndroidManifest.xml:21:9-32
	android:name
		ADDED from src\main\AndroidManifest.xml:20:9-44
uses-permission#android.permission.NFC
ADDED from src\main\AndroidManifest.xml:23:5-62
	android:name
		ADDED from src\main\AndroidManifest.xml:23:22-59
uses-permission#android.permission.BLUETOOTH
ADDED from src\main\AndroidManifest.xml:24:5-68
	android:name
		ADDED from src\main\AndroidManifest.xml:24:22-65
uses-permission#android.permission.BLUETOOTH_ADMIN
ADDED from src\main\AndroidManifest.xml:25:5-74
	android:name
		ADDED from src\main\AndroidManifest.xml:25:22-71
application
ADDED from src\main\AndroidManifest.xml:26:5-71:19
MERGED from [com.ca:masui:1.5.00] AndroidManifest.xml:19:5-59:19
MERGED from [com.ca:masui:1.5.00] AndroidManifest.xml:19:5-59:19
MERGED from [com.android.support:design:26.0.0] AndroidManifest.xml:25:5-29:19
MERGED from [com.android.support:design:26.0.0] AndroidManifest.xml:25:5-29:19
MERGED from [com.ca:mas:1.5.00] AndroidManifest.xml:20:5-27:19
MERGED from [com.ca:mas:1.5.00] AndroidManifest.xml:20:5-27:19
MERGED from [com.ca:mas-connecta:1.5.00] AndroidManifest.xml:11:5-16:19
MERGED from [com.ca:mas-connecta:1.5.00] AndroidManifest.xml:11:5-16:19
MERGED from [com.android.support:appcompat-v7:26.0.0] AndroidManifest.xml:25:5-29:19
MERGED from [com.android.support:appcompat-v7:26.0.0] AndroidManifest.xml:25:5-29:19
MERGED from [com.android.support:animated-vector-drawable:26.0.0] AndroidManifest.xml:22:5-26:19
MERGED from [com.android.support:animated-vector-drawable:26.0.0] AndroidManifest.xml:22:5-26:19
MERGED from [com.android.support:support-vector-drawable:26.0.0] AndroidManifest.xml:22:5-26:19
MERGED from [com.android.support:support-vector-drawable:26.0.0] AndroidManifest.xml:22:5-26:19
MERGED from [com.ca:mas-storage:1.5.00] AndroidManifest.xml:11:5-15:19
MERGED from [com.ca:mas-storage:1.5.00] AndroidManifest.xml:11:5-15:19
MERGED from [com.ca:mas-identity-management:1.5.00] AndroidManifest.xml:11:5-15:19
MERGED from [com.ca:mas-identity-management:1.5.00] AndroidManifest.xml:11:5-15:19
MERGED from [com.ca:mas-foundation:1.5.00] AndroidManifest.xml:20:5-27:19
MERGED from [com.ca:mas-foundation:1.5.00] AndroidManifest.xml:20:5-27:19
MERGED from [com.android.support:transition:26.0.0] AndroidManifest.xml:22:5-26:19
MERGED from [com.android.support:transition:26.0.0] AndroidManifest.xml:22:5-26:19
MERGED from [com.android.support:support-v4:26.0.0] AndroidManifest.xml:25:5-29:19
MERGED from [com.android.support:support-v4:26.0.0] AndroidManifest.xml:25:5-29:19
MERGED from [com.android.support:gridlayout-v7:26.0.0] AndroidManifest.xml:22:5-26:19
MERGED from [com.android.support:gridlayout-v7:26.0.0] AndroidManifest.xml:22:5-26:19
MERGED from [com.android.support:support-media-compat:26.0.0] AndroidManifest.xml:25:5-29:19
MERGED from [com.android.support:support-media-compat:26.0.0] AndroidManifest.xml:25:5-29:19
MERGED from [com.android.support:support-fragment:26.0.0] AndroidManifest.xml:25:5-29:19
MERGED from [com.android.support:support-fragment:26.0.0] AndroidManifest.xml:25:5-29:19
MERGED from [com.android.support:support-core-utils:26.0.0] AndroidManifest.xml:25:5-29:19
MERGED from [com.android.support:support-core-utils:26.0.0] AndroidManifest.xml:25:5-29:19
MERGED from [com.android.support:recyclerview-v7:26.0.0] AndroidManifest.xml:22:5-26:19
MERGED from [com.android.support:recyclerview-v7:26.0.0] AndroidManifest.xml:22:5-26:19
MERGED from [com.android.support:support-core-ui:26.0.0] AndroidManifest.xml:25:5-29:19
MERGED from [com.android.support:support-core-ui:26.0.0] AndroidManifest.xml:25:5-29:19
MERGED from [net.openid:appauth:0.6.1] AndroidManifest.xml:26:5-44:19
MERGED from [net.openid:appauth:0.6.1] AndroidManifest.xml:26:5-44:19
MERGED from [com.android.support:customtabs:26.0.0] AndroidManifest.xml:22:5-26:19
MERGED from [com.android.support:customtabs:26.0.0] AndroidManifest.xml:22:5-26:19
MERGED from [com.android.support:support-compat:26.0.0] AndroidManifest.xml:25:5-29:19
MERGED from [com.android.support:support-compat:26.0.0] AndroidManifest.xml:25:5-29:19
	android:supportsRtl
		ADDED from [com.ca:masui:1.5.00] AndroidManifest.xml:22:9-35
	android:label
		ADDED from src\main\AndroidManifest.xml:28:9-41
	android:allowBackup
		ADDED from [com.ca:masui:1.5.00] AndroidManifest.xml:20:9-35
	android:icon
		ADDED from src\main\AndroidManifest.xml:27:9-43
activity#com.ca.mas.sample.singlesignonsample.ExampleActivity
ADDED from src\main\AndroidManifest.xml:29:9-53:20
	android:label
		ADDED from src\main\AndroidManifest.xml:31:13-45
	android:windowSoftInputMode
		ADDED from src\main\AndroidManifest.xml:33:13-52
	android:theme
		ADDED from src\main\AndroidManifest.xml:32:13-57
	android:name
		ADDED from src\main\AndroidManifest.xml:30:13-80
intent-filter#action:name:android.intent.action.MAIN+category:name:android.intent.category.LAUNCHER
ADDED from src\main\AndroidManifest.xml:34:13-37:29
action#android.intent.action.MAIN
ADDED from src\main\AndroidManifest.xml:35:17-69
	android:name
		ADDED from src\main\AndroidManifest.xml:35:25-66
category#android.intent.category.LAUNCHER
ADDED from src\main\AndroidManifest.xml:36:17-77
	android:name
		ADDED from src\main\AndroidManifest.xml:36:27-74
intent-filter#action:name:android.nfc.action.NDEF_DISCOVERED+category:name:android.intent.category.DEFAULT+data:mimeType:application/vnd.com.ca.mas.core.beam
ADDED from src\main\AndroidManifest.xml:40:13-44:29
action#android.nfc.action.NDEF_DISCOVERED
ADDED from src\main\AndroidManifest.xml:41:17-77
	android:name
		ADDED from src\main\AndroidManifest.xml:41:25-74
category#android.intent.category.DEFAULT
ADDED from src\main\AndroidManifest.xml:42:17-76
	android:name
		ADDED from src\main\AndroidManifest.xml:42:27-73
data
ADDED from src\main\AndroidManifest.xml:43:17-81
	android:host
		ADDED from src\main\AndroidManifest.xml:50:47-77
	android:scheme
		ADDED from src\main\AndroidManifest.xml:50:23-46
	android:mimeType
		ADDED from src\main\AndroidManifest.xml:43:23-78
intent-filter#action:name:android.intent.action.VIEW+category:name:android.intent.category.DEFAULT+data:host:com.camsso.appa+data:scheme:camsso
ADDED from src\main\AndroidManifest.xml:47:13-51:29
action#android.intent.action.VIEW
ADDED from src\main\AndroidManifest.xml:48:17-68
	android:name
		ADDED from src\main\AndroidManifest.xml:48:25-66
activity#com.ca.mas.sample.singlesignonsample.otp.activity.OtpDisplayDataActivity
ADDED from src\main\AndroidManifest.xml:57:9-67:20
	android:screenOrientation
		ADDED from src\main\AndroidManifest.xml:61:13-49
	android:launchMode
		ADDED from src\main\AndroidManifest.xml:60:13-43
	android:exported
		ADDED from src\main\AndroidManifest.xml:59:13-37
	android:theme
		ADDED from src\main\AndroidManifest.xml:62:13-57
	android:name
		ADDED from src\main\AndroidManifest.xml:58:13-100
intent-filter#action:name:com.ca.mas.core.service.action.DISPLAY_OTP_PROTECTED_DATA+category:name:android.intent.category.DEFAULT
ADDED from src\main\AndroidManifest.xml:63:13-66:29
action#com.ca.mas.core.service.action.DISPLAY_OTP_PROTECTED_DATA
ADDED from src\main\AndroidManifest.xml:64:17-100
	android:name
		ADDED from src\main\AndroidManifest.xml:64:25-97
uses-sdk
INJECTED from src\main\AndroidManifest.xml reason: use-sdk injection requested
INJECTED from src\main\AndroidManifest.xml
INJECTED from src\main\AndroidManifest.xml
MERGED from [com.ca:masui:1.5.00] AndroidManifest.xml:15:5-17:41
MERGED from [com.ca:masui:1.5.00] AndroidManifest.xml:15:5-17:41
MERGED from [com.android.support:design:26.0.0] AndroidManifest.xml:21:5-23:62
MERGED from [com.android.support:design:26.0.0] AndroidManifest.xml:21:5-23:62
MERGED from [com.ca:mas:1.5.00] AndroidManifest.xml:14:5-16:41
MERGED from [com.ca:mas:1.5.00] AndroidManifest.xml:14:5-16:41
MERGED from [com.ca:mas-connecta:1.5.00] AndroidManifest.xml:7:5-9:41
MERGED from [com.ca:mas-connecta:1.5.00] AndroidManifest.xml:7:5-9:41
MERGED from [com.android.support:appcompat-v7:26.0.0] AndroidManifest.xml:21:5-23:78
MERGED from [com.android.support:appcompat-v7:26.0.0] AndroidManifest.xml:21:5-23:78
MERGED from [com.android.support:animated-vector-drawable:26.0.0] AndroidManifest.xml:20:5-44
MERGED from [com.android.support:animated-vector-drawable:26.0.0] AndroidManifest.xml:20:5-44
MERGED from [com.android.support:support-vector-drawable:26.0.0] AndroidManifest.xml:20:5-44
MERGED from [com.android.support:support-vector-drawable:26.0.0] AndroidManifest.xml:20:5-44
MERGED from [com.ca:mas-storage:1.5.00] AndroidManifest.xml:7:5-9:41
MERGED from [com.ca:mas-storage:1.5.00] AndroidManifest.xml:7:5-9:41
MERGED from [com.ca:mas-identity-management:1.5.00] AndroidManifest.xml:7:5-9:41
MERGED from [com.ca:mas-identity-management:1.5.00] AndroidManifest.xml:7:5-9:41
MERGED from [com.ca:mas-foundation:1.5.00] AndroidManifest.xml:14:5-16:41
MERGED from [com.ca:mas-foundation:1.5.00] AndroidManifest.xml:14:5-16:41
MERGED from [com.android.support:transition:26.0.0] AndroidManifest.xml:20:5-44
MERGED from [com.android.support:transition:26.0.0] AndroidManifest.xml:20:5-44
MERGED from [com.android.support:support-v4:26.0.0] AndroidManifest.xml:21:5-23:54
MERGED from [com.android.support:support-v4:26.0.0] AndroidManifest.xml:21:5-23:54
MERGED from [com.android.support:gridlayout-v7:26.0.0] AndroidManifest.xml:20:5-44
MERGED from [com.android.support:gridlayout-v7:26.0.0] AndroidManifest.xml:20:5-44
MERGED from [com.android.support:support-media-compat:26.0.0] AndroidManifest.xml:21:5-23:63
MERGED from [com.android.support:support-media-compat:26.0.0] AndroidManifest.xml:21:5-23:63
MERGED from [com.android.support:support-fragment:26.0.0] AndroidManifest.xml:21:5-23:60
MERGED from [com.android.support:support-fragment:26.0.0] AndroidManifest.xml:21:5-23:60
MERGED from [com.android.support:support-core-utils:26.0.0] AndroidManifest.xml:21:5-23:61
MERGED from [com.android.support:support-core-utils:26.0.0] AndroidManifest.xml:21:5-23:61
MERGED from [com.android.support:recyclerview-v7:26.0.0] AndroidManifest.xml:20:5-44
MERGED from [com.android.support:recyclerview-v7:26.0.0] AndroidManifest.xml:20:5-44
MERGED from [com.android.support:support-core-ui:26.0.0] AndroidManifest.xml:21:5-23:58
MERGED from [com.android.support:support-core-ui:26.0.0] AndroidManifest.xml:21:5-23:58
MERGED from [net.openid:appauth:0.6.1] AndroidManifest.xml:20:5-22:41
MERGED from [net.openid:appauth:0.6.1] AndroidManifest.xml:20:5-22:41
MERGED from [com.android.support:customtabs:26.0.0] AndroidManifest.xml:20:5-44
MERGED from [com.android.support:customtabs:26.0.0] AndroidManifest.xml:20:5-44
MERGED from [com.android.support:support-compat:26.0.0] AndroidManifest.xml:21:5-23:58
MERGED from [com.android.support:support-compat:26.0.0] AndroidManifest.xml:21:5-23:58
MERGED from [com.android.support:multidex:1.0.1] AndroidManifest.xml:18:5-42
MERGED from [com.android.support:multidex:1.0.1] AndroidManifest.xml:18:5-42
INJECTED from src\main\AndroidManifest.xml
INJECTED from src\main\AndroidManifest.xml
	tools:overrideLibrary
		ADDED from [com.android.support:design:26.0.0] AndroidManifest.xml:23:9-59
	android:targetSdkVersion
		INJECTED from src\main\AndroidManifest.xml
		ADDED from src\main\AndroidManifest.xml
		INJECTED from src\main\AndroidManifest.xml
	android:minSdkVersion
		INJECTED from src\main\AndroidManifest.xml
		ADDED from src\main\AndroidManifest.xml
		INJECTED from src\main\AndroidManifest.xml
activity#com.ca.mas.ui.MASEnterpriseWebApplicationActivity
ADDED from [com.ca:masui:1.5.00] AndroidManifest.xml:23:9-25:54
	android:theme
		ADDED from [com.ca:masui:1.5.00] AndroidManifest.xml:25:13-51
	android:name
		ADDED from [com.ca:masui:1.5.00] AndroidManifest.xml:24:13-77
activity#com.ca.mas.ui.MASSessionUnlockActivity
ADDED from [com.ca:masui:1.5.00] AndroidManifest.xml:26:9-34:20
	android:theme
		ADDED from [com.ca:masui:1.5.00] AndroidManifest.xml:28:13-69
	android:name
		ADDED from [com.ca:masui:1.5.00] AndroidManifest.xml:27:13-66
intent-filter#action:name:MASUI.intent.action.SessionUnlock+category:name:android.intent.category.DEFAULT
ADDED from [com.ca:masui:1.5.00] AndroidManifest.xml:29:13-33:29
action#MASUI.intent.action.SessionUnlock
ADDED from [com.ca:masui:1.5.00] AndroidManifest.xml:30:17-76
	android:name
		ADDED from [com.ca:masui:1.5.00] AndroidManifest.xml:30:25-73
activity#net.openid.appauth.RedirectUriReceiverActivity
ADDED from [com.ca:masui:1.5.00] AndroidManifest.xml:35:9-46:20
REJECTED from [net.openid:appauth:0.6.1] AndroidManifest.xml:32:9-43:20
	tools:node
		ADDED from [com.ca:masui:1.5.00] AndroidManifest.xml:37:13-33
	android:name
		ADDED from [com.ca:masui:1.5.00] AndroidManifest.xml:36:13-74
intent-filter#action:name:android.intent.action.VIEW+category:name:android.intent.category.BROWSABLE+category:name:android.intent.category.DEFAULT+data:scheme:camsso
ADDED from [com.ca:masui:1.5.00] AndroidManifest.xml:38:13-45:29
category#android.intent.category.BROWSABLE
ADDED from [com.ca:masui:1.5.00] AndroidManifest.xml:42:17-78
	android:name
		ADDED from [com.ca:masui:1.5.00] AndroidManifest.xml:42:27-75
activity#com.ca.mas.ui.MASOAuthRedirectActivity
ADDED from [com.ca:masui:1.5.00] AndroidManifest.xml:47:9-49:60
	android:theme
		ADDED from [com.ca:masui:1.5.00] AndroidManifest.xml:49:13-57
	android:name
		ADDED from [com.ca:masui:1.5.00] AndroidManifest.xml:48:13-66
activity#com.ca.mas.ui.MASFinishActivity
ADDED from [com.ca:masui:1.5.00] AndroidManifest.xml:50:9-68
	android:name
		ADDED from [com.ca:masui:1.5.00] AndroidManifest.xml:50:19-65
activity#com.ca.mas.ui.MASLoginActivity
ADDED from [com.ca:masui:1.5.00] AndroidManifest.xml:51:9-54:60
	android:launchMode
		ADDED from [com.ca:masui:1.5.00] AndroidManifest.xml:53:13-43
	android:theme
		ADDED from [com.ca:masui:1.5.00] AndroidManifest.xml:54:13-57
	android:name
		ADDED from [com.ca:masui:1.5.00] AndroidManifest.xml:52:13-58
activity#com.ca.mas.ui.otp.MASOtpActivity
ADDED from [com.ca:masui:1.5.00] AndroidManifest.xml:55:9-58:67
	android:launchMode
		ADDED from [com.ca:masui:1.5.00] AndroidManifest.xml:57:13-43
	android:theme
		ADDED from [com.ca:masui:1.5.00] AndroidManifest.xml:58:13-64
	android:name
		ADDED from [com.ca:masui:1.5.00] AndroidManifest.xml:56:13-60
meta-data#android.support.VERSION
ADDED from [com.android.support:design:26.0.0] AndroidManifest.xml:26:9-28:38
MERGED from [com.android.support:appcompat-v7:26.0.0] AndroidManifest.xml:26:9-28:38
MERGED from [com.android.support:appcompat-v7:26.0.0] AndroidManifest.xml:26:9-28:38
MERGED from [com.android.support:animated-vector-drawable:26.0.0] AndroidManifest.xml:23:9-25:38
MERGED from [com.android.support:animated-vector-drawable:26.0.0] AndroidManifest.xml:23:9-25:38
MERGED from [com.android.support:support-vector-drawable:26.0.0] AndroidManifest.xml:23:9-25:38
MERGED from [com.android.support:support-vector-drawable:26.0.0] AndroidManifest.xml:23:9-25:38
MERGED from [com.android.support:transition:26.0.0] AndroidManifest.xml:23:9-25:38
MERGED from [com.android.support:transition:26.0.0] AndroidManifest.xml:23:9-25:38
MERGED from [com.android.support:support-v4:26.0.0] AndroidManifest.xml:26:9-28:38
MERGED from [com.android.support:support-v4:26.0.0] AndroidManifest.xml:26:9-28:38
MERGED from [com.android.support:gridlayout-v7:26.0.0] AndroidManifest.xml:23:9-25:38
MERGED from [com.android.support:gridlayout-v7:26.0.0] AndroidManifest.xml:23:9-25:38
MERGED from [com.android.support:support-media-compat:26.0.0] AndroidManifest.xml:26:9-28:38
MERGED from [com.android.support:support-media-compat:26.0.0] AndroidManifest.xml:26:9-28:38
MERGED from [com.android.support:support-fragment:26.0.0] AndroidManifest.xml:26:9-28:38
MERGED from [com.android.support:support-fragment:26.0.0] AndroidManifest.xml:26:9-28:38
MERGED from [com.android.support:support-core-utils:26.0.0] AndroidManifest.xml:26:9-28:38
MERGED from [com.android.support:support-core-utils:26.0.0] AndroidManifest.xml:26:9-28:38
MERGED from [com.android.support:recyclerview-v7:26.0.0] AndroidManifest.xml:23:9-25:38
MERGED from [com.android.support:recyclerview-v7:26.0.0] AndroidManifest.xml:23:9-25:38
MERGED from [com.android.support:support-core-ui:26.0.0] AndroidManifest.xml:26:9-28:38
MERGED from [com.android.support:support-core-ui:26.0.0] AndroidManifest.xml:26:9-28:38
MERGED from [com.android.support:customtabs:26.0.0] AndroidManifest.xml:23:9-25:38
MERGED from [com.android.support:customtabs:26.0.0] AndroidManifest.xml:23:9-25:38
MERGED from [com.android.support:support-compat:26.0.0] AndroidManifest.xml:26:9-28:38
MERGED from [com.android.support:support-compat:26.0.0] AndroidManifest.xml:26:9-28:38
	android:value
		ADDED from [com.android.support:design:26.0.0] AndroidManifest.xml:28:13-35
	android:name
		ADDED from [com.android.support:design:26.0.0] AndroidManifest.xml:27:13-51
service#com.ca.mas.core.service.MssoService
ADDED from [com.ca:mas:1.5.00] AndroidManifest.xml:23:9-26:19
MERGED from [com.ca:mas-foundation:1.5.00] AndroidManifest.xml:23:9-26:19
MERGED from [com.ca:mas-foundation:1.5.00] AndroidManifest.xml:23:9-26:19
	android:exported
		ADDED from [com.ca:mas:1.5.00] AndroidManifest.xml:25:13-37
	android:name
		ADDED from [com.ca:mas:1.5.00] AndroidManifest.xml:24:13-63
service#com.ca.mas.connecta.serviceprovider.ConnectaService
ADDED from [com.ca:mas-connecta:1.5.00] AndroidManifest.xml:15:9-87
	android:name
		ADDED from [com.ca:mas-connecta:1.5.00] AndroidManifest.xml:15:18-84
activity#net.openid.appauth.AuthorizationManagementActivity
ADDED from [net.openid:appauth:0.6.1] AndroidManifest.xml:27:9-31:75
	android:launchMode
		ADDED from [net.openid:appauth:0.6.1] AndroidManifest.xml:30:13-44
	android:exported
		ADDED from [net.openid:appauth:0.6.1] AndroidManifest.xml:29:13-37
	android:theme
		ADDED from [net.openid:appauth:0.6.1] AndroidManifest.xml:31:13-72
	android:name
		ADDED from [net.openid:appauth:0.6.1] AndroidManifest.xml:28:13-78